<?xml version="1.0" encoding="UTF-8"?>
<testsuite xmlns:xsi="http://www.w3.org/2001/XMLSchema-instance" xsi:noNamespaceSchemaLocation="https://maven.apache.org/surefire/maven-surefire-plugin/xsd/surefire-test-report-3.0.xsd" version="3.0" name="org.test.TestAddTwoNumber" time="0.029" tests="1" errors="0" skipped="0" failures="0">
  <properties>
    <property name="sun.desktop" value="gnome"/>
    <property name="awt.toolkit" value="sun.awt.X11.XToolkit"/>
    <property name="java.specification.version" value="11"/>
    <property name="sun.cpu.isalist" value=""/>
    <property name="sun.jnu.encoding" value="UTF-8"/>
    <property name="java.class.path" value="/home/suraj/Mayank/project2/person/personDetail/target/test-classes:/home/suraj/Mayank/project2/person/personDetail/target/classes:/home/suraj/.m2/repository/info/magnolia/magnolia-core/6.2.15/magnolia-core-6.2.15.jar:/home/suraj/.m2/repository/javax/jcr/jcr/2.0/jcr-2.0.jar:/home/suraj/.m2/repository/javax/inject/javax.inject/1/javax.inject-1.jar:/home/suraj/.m2/repository/org/apache/jackrabbit/jackrabbit-core/2.20.4/jackrabbit-core-2.20.4.jar:/home/suraj/.m2/repository/commons-collections/commons-collections/3.2.2/commons-collections-3.2.2.jar:/home/suraj/.m2/repository/commons-dbcp/commons-dbcp/1.4/commons-dbcp-1.4.jar:/home/suraj/.m2/repository/commons-pool/commons-pool/1.5.4/commons-pool-1.5.4.jar:/home/suraj/.m2/repository/org/apache/jackrabbit/jackrabbit-data/2.20.4/jackrabbit-data-2.20.4.jar:/home/suraj/.m2/repository/org/apache/tika/tika-core/1.27/tika-core-1.27.jar:/home/suraj/.m2/repository/jakarta/xml/bind/jakarta.xml.bind-api/2.3.3/jakarta.xml.bind-api-2.3.3.jar:/home/suraj/.m2/repository/jakarta/activation/jakarta.activation-api/1.2.2/jakarta.activation-api-1.2.2.jar:/home/suraj/.m2/repository/org/mindrot/jbcrypt/0.4/jbcrypt-0.4.jar:/home/suraj/.m2/repository/org/bouncycastle/bcprov-jdk15on/1.68/bcprov-jdk15on-1.68.jar:/home/suraj/.m2/repository/org/reflections/reflections/0.9.9/reflections-0.9.9.jar:/home/suraj/.m2/repository/org/javassist/javassist/3.19.0-GA/javassist-3.19.0-GA.jar:/home/suraj/.m2/repository/com/google/code/findbugs/annotations/2.0.1/annotations-2.0.1.jar:/home/suraj/.m2/repository/com/google/inject/guice/4.2.2/guice-4.2.2.jar:/home/suraj/.m2/repository/aopalliance/aopalliance/1.0/aopalliance-1.0.jar:/home/suraj/.m2/repository/com/google/inject/extensions/guice-multibindings/4.2.2/guice-multibindings-4.2.2.jar:/home/suraj/.m2/repository/com/mycila/guice/extensions/mycila-guice-jsr250/4.0.rc1/mycila-guice-jsr250-4.0.rc1.jar:/home/suraj/.m2/repository/com/mycila/guice/extensions/mycila-guice-injection/4.0.rc1/mycila-guice-injection-4.0.rc1.jar:/home/suraj/.m2/repository/com/mycila/guice/extensions/mycila-guice-closeable/4.0.rc1/mycila-guice-closeable-4.0.rc1.jar:/home/suraj/.m2/repository/concurrent/concurrent/1.3.4/concurrent-1.3.4.jar:/home/suraj/.m2/repository/commons-io/commons-io/2.8.0/commons-io-2.8.0.jar:/home/suraj/.m2/repository/org/apache/commons/commons-collections4/4.4/commons-collections4-4.4.jar:/home/suraj/.m2/repository/com/google/guava/guava/30.1-jre/guava-30.1-jre.jar:/home/suraj/.m2/repository/com/google/guava/failureaccess/1.0.1/failureaccess-1.0.1.jar:/home/suraj/.m2/repository/com/google/guava/listenablefuture/9999.0-empty-to-avoid-conflict-with-guava/listenablefuture-9999.0-empty-to-avoid-conflict-with-guava.jar:/home/suraj/.m2/repository/org/checkerframework/checker-qual/3.5.0/checker-qual-3.5.0.jar:/home/suraj/.m2/repository/com/google/errorprone/error_prone_annotations/2.3.4/error_prone_annotations-2.3.4.jar:/home/suraj/.m2/repository/commons-codec/commons-codec/1.14/commons-codec-1.14.jar:/home/suraj/.m2/repository/org/freemarker/freemarker/2.3.31/freemarker-2.3.31.jar:/home/suraj/.m2/repository/org/apache/commons/commons-lang3/3.11/commons-lang3-3.11.jar:/home/suraj/.m2/repository/org/apache/commons/commons-text/1.8/commons-text-1.8.jar:/home/suraj/.m2/repository/org/apache/commons/commons-proxy/1.0/commons-proxy-1.0.jar:/home/suraj/.m2/repository/cglib/cglib-nodep/3.3.0/cglib-nodep-3.3.0.jar:/home/suraj/.m2/repository/org/safehaus/jug/jug/2.0.0/jug-2.0.0-asl.jar:/home/suraj/.m2/repository/org/apache/logging/log4j/log4j-api/2.17.0/log4j-api-2.17.0.jar:/home/suraj/.m2/repository/org/apache/logging/log4j/log4j-core/2.17.0/log4j-core-2.17.0.jar:/home/suraj/.m2/repository/org/apache/logging/log4j/log4j-slf4j-impl/2.17.0/log4j-slf4j-impl-2.17.0.jar:/home/suraj/.m2/repository/org/slf4j/jcl-over-slf4j/1.7.30/jcl-over-slf4j-1.7.30.jar:/home/suraj/.m2/repository/org/jdom/jdom2/2.0.6-sp1-CVE-2021-33813/jdom2-2.0.6-sp1-CVE-2021-33813.jar:/home/suraj/.m2/repository/jaxen/jaxen/1.2.0/jaxen-1.2.0.jar:/home/suraj/.m2/repository/commons-fileupload/commons-fileupload/1.4/commons-fileupload-1.4.jar:/home/suraj/.m2/repository/commons-beanutils/commons-beanutils/1.9.4/commons-beanutils-1.9.4.jar:/home/suraj/.m2/repository/commons-betwixt/commons-betwixt/0.8/commons-betwixt-0.8.jar:/home/suraj/.m2/repository/org/apache/httpcomponents/httpclient/4.5.13/httpclient-4.5.13.jar:/home/suraj/.m2/repository/org/apache/httpcomponents/httpmime/4.5.11/httpmime-4.5.11.jar:/home/suraj/.m2/repository/org/yaml/snakeyaml/1.26/snakeyaml-1.26.jar:/home/suraj/.m2/repository/org/slf4j/slf4j-api/1.7.30/slf4j-api-1.7.30.jar:/home/suraj/.m2/repository/commons-digester/commons-digester/2.1/commons-digester-2.1.jar:/home/suraj/.m2/repository/org/apache/jackrabbit/jackrabbit-spi/2.20.4/jackrabbit-spi-2.20.4.jar:/home/suraj/.m2/repository/org/apache/jackrabbit/oak-jackrabbit-api/1.40.0/oak-jackrabbit-api-1.40.0.jar:/home/suraj/.m2/repository/org/apache/jackrabbit/jackrabbit-jcr-commons/2.20.4/jackrabbit-jcr-commons-2.20.4.jar:/home/suraj/.m2/repository/org/apache/lucene/lucene-core/3.6.0/lucene-core-3.6.0.jar:/home/suraj/.m2/repository/org/apache/jackrabbit/jackrabbit-spi-commons/2.20.4/jackrabbit-spi-commons-2.20.4.jar:/home/suraj/.m2/repository/org/apache/httpcomponents/httpcore/4.4.13/httpcore-4.4.13.jar:/home/suraj/.m2/repository/com/machinezoo/noexception/noexception/1.4.4/noexception-1.4.4.jar:/home/suraj/.m2/repository/commons-net/commons-net/3.5/commons-net-3.5.jar:/home/suraj/.m2/repository/org/junit/jupiter/junit-jupiter-api/5.6.2/junit-jupiter-api-5.6.2.jar:/home/suraj/.m2/repository/org/apiguardian/apiguardian-api/1.1.0/apiguardian-api-1.1.0.jar:/home/suraj/.m2/repository/org/opentest4j/opentest4j/1.2.0/opentest4j-1.2.0.jar:/home/suraj/.m2/repository/org/junit/platform/junit-platform-commons/1.6.2/junit-platform-commons-1.6.2.jar:/home/suraj/.m2/repository/junit/junit/4.13/junit-4.13.jar:/home/suraj/.m2/repository/org/hamcrest/hamcrest-core/2.1/hamcrest-core-2.1.jar:/home/suraj/.m2/repository/org/hamcrest/hamcrest/2.1/hamcrest-2.1.jar:"/>
    <property name="java.vm.vendor" value="Ubuntu"/>
    <property name="sun.arch.data.model" value="64"/>
    <property name="java.vendor.url" value="https://ubuntu.com/"/>
    <property name="user.timezone" value=""/>
    <property name="java.vm.specification.version" value="11"/>
    <property name="os.name" value="Linux"/>
    <property name="sun.java.launcher" value="SUN_STANDARD"/>
    <property name="user.country" value="IN"/>
    <property name="sun.boot.library.path" value="/usr/lib/jvm/java-11-openjdk-amd64/lib"/>
    <property name="sun.java.command" value="/home/suraj/Mayank/project2/person/personDetail/target/surefire/surefirebooter10754187845145688953.jar /home/suraj/Mayank/project2/person/personDetail/target/surefire 2022-04-23T14-44-23_283-jvmRun1 surefire10090879965907057778tmp surefire_018074687135530497985tmp"/>
    <property name="jdk.debug" value="release"/>
    <property name="surefire.test.class.path" value="/home/suraj/Mayank/project2/person/personDetail/target/test-classes:/home/suraj/Mayank/project2/person/personDetail/target/classes:/home/suraj/.m2/repository/info/magnolia/magnolia-core/6.2.15/magnolia-core-6.2.15.jar:/home/suraj/.m2/repository/javax/jcr/jcr/2.0/jcr-2.0.jar:/home/suraj/.m2/repository/javax/inject/javax.inject/1/javax.inject-1.jar:/home/suraj/.m2/repository/org/apache/jackrabbit/jackrabbit-core/2.20.4/jackrabbit-core-2.20.4.jar:/home/suraj/.m2/repository/commons-collections/commons-collections/3.2.2/commons-collections-3.2.2.jar:/home/suraj/.m2/repository/commons-dbcp/commons-dbcp/1.4/commons-dbcp-1.4.jar:/home/suraj/.m2/repository/commons-pool/commons-pool/1.5.4/commons-pool-1.5.4.jar:/home/suraj/.m2/repository/org/apache/jackrabbit/jackrabbit-data/2.20.4/jackrabbit-data-2.20.4.jar:/home/suraj/.m2/repository/org/apache/tika/tika-core/1.27/tika-core-1.27.jar:/home/suraj/.m2/repository/jakarta/xml/bind/jakarta.xml.bind-api/2.3.3/jakarta.xml.bind-api-2.3.3.jar:/home/suraj/.m2/repository/jakarta/activation/jakarta.activation-api/1.2.2/jakarta.activation-api-1.2.2.jar:/home/suraj/.m2/repository/org/mindrot/jbcrypt/0.4/jbcrypt-0.4.jar:/home/suraj/.m2/repository/org/bouncycastle/bcprov-jdk15on/1.68/bcprov-jdk15on-1.68.jar:/home/suraj/.m2/repository/org/reflections/reflections/0.9.9/reflections-0.9.9.jar:/home/suraj/.m2/repository/org/javassist/javassist/3.19.0-GA/javassist-3.19.0-GA.jar:/home/suraj/.m2/repository/com/google/code/findbugs/annotations/2.0.1/annotations-2.0.1.jar:/home/suraj/.m2/repository/com/google/inject/guice/4.2.2/guice-4.2.2.jar:/home/suraj/.m2/repository/aopalliance/aopalliance/1.0/aopalliance-1.0.jar:/home/suraj/.m2/repository/com/google/inject/extensions/guice-multibindings/4.2.2/guice-multibindings-4.2.2.jar:/home/suraj/.m2/repository/com/mycila/guice/extensions/mycila-guice-jsr250/4.0.rc1/mycila-guice-jsr250-4.0.rc1.jar:/home/suraj/.m2/repository/com/mycila/guice/extensions/mycila-guice-injection/4.0.rc1/mycila-guice-injection-4.0.rc1.jar:/home/suraj/.m2/repository/com/mycila/guice/extensions/mycila-guice-closeable/4.0.rc1/mycila-guice-closeable-4.0.rc1.jar:/home/suraj/.m2/repository/concurrent/concurrent/1.3.4/concurrent-1.3.4.jar:/home/suraj/.m2/repository/commons-io/commons-io/2.8.0/commons-io-2.8.0.jar:/home/suraj/.m2/repository/org/apache/commons/commons-collections4/4.4/commons-collections4-4.4.jar:/home/suraj/.m2/repository/com/google/guava/guava/30.1-jre/guava-30.1-jre.jar:/home/suraj/.m2/repository/com/google/guava/failureaccess/1.0.1/failureaccess-1.0.1.jar:/home/suraj/.m2/repository/com/google/guava/listenablefuture/9999.0-empty-to-avoid-conflict-with-guava/listenablefuture-9999.0-empty-to-avoid-conflict-with-guava.jar:/home/suraj/.m2/repository/org/checkerframework/checker-qual/3.5.0/checker-qual-3.5.0.jar:/home/suraj/.m2/repository/com/google/errorprone/error_prone_annotations/2.3.4/error_prone_annotations-2.3.4.jar:/home/suraj/.m2/repository/commons-codec/commons-codec/1.14/commons-codec-1.14.jar:/home/suraj/.m2/repository/org/freemarker/freemarker/2.3.31/freemarker-2.3.31.jar:/home/suraj/.m2/repository/org/apache/commons/commons-lang3/3.11/commons-lang3-3.11.jar:/home/suraj/.m2/repository/org/apache/commons/commons-text/1.8/commons-text-1.8.jar:/home/suraj/.m2/repository/org/apache/commons/commons-proxy/1.0/commons-proxy-1.0.jar:/home/suraj/.m2/repository/cglib/cglib-nodep/3.3.0/cglib-nodep-3.3.0.jar:/home/suraj/.m2/repository/org/safehaus/jug/jug/2.0.0/jug-2.0.0-asl.jar:/home/suraj/.m2/repository/org/apache/logging/log4j/log4j-api/2.17.0/log4j-api-2.17.0.jar:/home/suraj/.m2/repository/org/apache/logging/log4j/log4j-core/2.17.0/log4j-core-2.17.0.jar:/home/suraj/.m2/repository/org/apache/logging/log4j/log4j-slf4j-impl/2.17.0/log4j-slf4j-impl-2.17.0.jar:/home/suraj/.m2/repository/org/slf4j/jcl-over-slf4j/1.7.30/jcl-over-slf4j-1.7.30.jar:/home/suraj/.m2/repository/org/jdom/jdom2/2.0.6-sp1-CVE-2021-33813/jdom2-2.0.6-sp1-CVE-2021-33813.jar:/home/suraj/.m2/repository/jaxen/jaxen/1.2.0/jaxen-1.2.0.jar:/home/suraj/.m2/repository/commons-fileupload/commons-fileupload/1.4/commons-fileupload-1.4.jar:/home/suraj/.m2/repository/commons-beanutils/commons-beanutils/1.9.4/commons-beanutils-1.9.4.jar:/home/suraj/.m2/repository/commons-betwixt/commons-betwixt/0.8/commons-betwixt-0.8.jar:/home/suraj/.m2/repository/org/apache/httpcomponents/httpclient/4.5.13/httpclient-4.5.13.jar:/home/suraj/.m2/repository/org/apache/httpcomponents/httpmime/4.5.11/httpmime-4.5.11.jar:/home/suraj/.m2/repository/org/yaml/snakeyaml/1.26/snakeyaml-1.26.jar:/home/suraj/.m2/repository/org/slf4j/slf4j-api/1.7.30/slf4j-api-1.7.30.jar:/home/suraj/.m2/repository/commons-digester/commons-digester/2.1/commons-digester-2.1.jar:/home/suraj/.m2/repository/org/apache/jackrabbit/jackrabbit-spi/2.20.4/jackrabbit-spi-2.20.4.jar:/home/suraj/.m2/repository/org/apache/jackrabbit/oak-jackrabbit-api/1.40.0/oak-jackrabbit-api-1.40.0.jar:/home/suraj/.m2/repository/org/apache/jackrabbit/jackrabbit-jcr-commons/2.20.4/jackrabbit-jcr-commons-2.20.4.jar:/home/suraj/.m2/repository/org/apache/lucene/lucene-core/3.6.0/lucene-core-3.6.0.jar:/home/suraj/.m2/repository/org/apache/jackrabbit/jackrabbit-spi-commons/2.20.4/jackrabbit-spi-commons-2.20.4.jar:/home/suraj/.m2/repository/org/apache/httpcomponents/httpcore/4.4.13/httpcore-4.4.13.jar:/home/suraj/.m2/repository/com/machinezoo/noexception/noexception/1.4.4/noexception-1.4.4.jar:/home/suraj/.m2/repository/commons-net/commons-net/3.5/commons-net-3.5.jar:/home/suraj/.m2/repository/org/junit/jupiter/junit-jupiter-api/5.6.2/junit-jupiter-api-5.6.2.jar:/home/suraj/.m2/repository/org/apiguardian/apiguardian-api/1.1.0/apiguardian-api-1.1.0.jar:/home/suraj/.m2/repository/org/opentest4j/opentest4j/1.2.0/opentest4j-1.2.0.jar:/home/suraj/.m2/repository/org/junit/platform/junit-platform-commons/1.6.2/junit-platform-commons-1.6.2.jar:/home/suraj/.m2/repository/junit/junit/4.13/junit-4.13.jar:/home/suraj/.m2/repository/org/hamcrest/hamcrest-core/2.1/hamcrest-core-2.1.jar:/home/suraj/.m2/repository/org/hamcrest/hamcrest/2.1/hamcrest-2.1.jar:"/>
    <property name="sun.cpu.endian" value="little"/>
    <property name="user.home" value="/home/suraj"/>
    <property name="user.language" value="en"/>
    <property name="java.specification.vendor" value="Oracle Corporation"/>
    <property name="java.version.date" value="2022-02-08"/>
    <property name="java.home" value="/usr/lib/jvm/java-11-openjdk-amd64"/>
    <property name="file.separator" value="/"/>
    <property name="basedir" value="/home/suraj/Mayank/project2/person/personDetail"/>
    <property name="java.vm.compressedOopsMode" value="Zero based"/>
    <property name="line.separator" value="&#10;"/>
    <property name="java.specification.name" value="Java Platform API Specification"/>
    <property name="java.vm.specification.vendor" value="Oracle Corporation"/>
    <property name="java.awt.graphicsenv" value="sun.awt.X11GraphicsEnvironment"/>
    <property name="surefire.real.class.path" value="/home/suraj/Mayank/project2/person/personDetail/target/surefire/surefirebooter10754187845145688953.jar"/>
    <property name="sun.management.compiler" value="HotSpot 64-Bit Tiered Compilers"/>
    <property name="java.runtime.version" value="11.0.14.1+1-Ubuntu-0ubuntu1.20.04"/>
    <property name="user.name" value="suraj"/>
    <property name="path.separator" value=":"/>
    <property name="os.version" value="5.4.0-109-generic"/>
    <property name="java.runtime.name" value="OpenJDK Runtime Environment"/>
    <property name="file.encoding" value="UTF-8"/>
    <property name="java.vm.name" value="OpenJDK 64-Bit Server VM"/>
    <property name="localRepository" value="/home/suraj/.m2/repository"/>
    <property name="java.vendor.url.bug" value="https://bugs.launchpad.net/ubuntu/+source/openjdk-lts"/>
    <property name="java.io.tmpdir" value="/tmp"/>
    <property name="java.version" value="11.0.14.1"/>
    <property name="user.dir" value="/home/suraj/Mayank/project2/person/personDetail"/>
    <property name="os.arch" value="amd64"/>
    <property name="java.vm.specification.name" value="Java Virtual Machine Specification"/>
    <property name="java.awt.printerjob" value="sun.print.PSPrinterJob"/>
    <property name="sun.os.patch.level" value="unknown"/>
    <property name="java.library.path" value="/usr/java/packages/lib:/usr/lib/x86_64-linux-gnu/jni:/lib/x86_64-linux-gnu:/usr/lib/x86_64-linux-gnu:/usr/lib/jni:/lib:/usr/lib"/>
    <property name="java.vm.info" value="mixed mode, sharing"/>
    <property name="java.vendor" value="Ubuntu"/>
    <property name="java.vm.version" value="11.0.14.1+1-Ubuntu-0ubuntu1.20.04"/>
    <property name="sun.io.unicode.encoding" value="UnicodeLittle"/>
    <property name="java.class.version" value="55.0"/>
  </properties>
  <testcase name="test" classname="org.test.TestAddTwoNumber" time="0.019"/>
</testsuite>